This is pdfeTeX, Version 3.141592-1.21a-2.2 (Web2C 7.5.4) (format=pdflatex 2008.9.22)  27 APR 2010 19:01
entering extended mode
**tGISguide
(./tGISguide.tex
LaTeX2e <2003/12/01>
Babel <v3.8d> and hyphenation patterns for american, french, german, ngerman, b
ahasa, basque, bulgarian, catalan, croatian, czech, danish, dutch, esperanto, e
stonian, finnish, greek, icelandic, irish, italian, latin, magyar, norsk, polis
h, portuges, romanian, russian, serbian, slovak, slovene, spanish, swedish, tur
kish, ukrainian, nohyphenation, loaded.
(./tGIS2e.cls
Document Class: tGIS2e 2006/09/19 - v3.4 WAMS 2010 LaTeX2e document class
\draftrule=\dimen102
\trimrule=\dimen103
\draftrule=\dimen104
\trimheight=\dimen105
\trimwidth=\dimen106
\typeheight=\dimen107
\typewidth=\dimen108
\normaltextheight=\dimen109
\blindfoliodrop=\dimen110
\tempdimen=\dimen111
\rhdraftruleheight=\dimen112
\tempbox=\box26
LaTeX Font Info:    Overwriting symbol font `operators' in version `normal'
(Font)                  OT1/cmr/m/n --> OT1/cmr/m/n on input line 213.
LaTeX Font Info:    Overwriting symbol font `letters' in version `normal'
(Font)                  OML/cmm/m/it --> OML/cmr/m/it on input line 214.
LaTeX Font Info:    Overwriting symbol font `symbols' in version `normal'
(Font)                  OMS/cmsy/m/n --> OMS/cmr/m/n on input line 215.
LaTeX Font Info:    Overwriting symbol font `largesymbols' in version `normal'
(Font)                  OMX/cmex/m/n --> OMX/cmr/m/n on input line 216.
LaTeX Font Info:    Overwriting math alphabet `\mathbf' in version `normal'
(Font)                  OT1/cmr/bx/n --> OT1/cmr/bx/n on input line 217.
LaTeX Font Info:    Overwriting math alphabet `\mathsf' in version `normal'
(Font)                  OT1/cmss/m/n --> OT1/cmss/m/n on input line 218.
LaTeX Font Info:    Overwriting math alphabet `\mathrm' in version `normal'
(Font)                  OT1/cmr/m/n --> OT1/cmr/m/n on input line 219.
LaTeX Font Info:    Overwriting math alphabet `\mathtt' in version `normal'
(Font)                  OT1/cmtt/m/n --> OT1/Courier/m/n on input line 220.
LaTeX Font Info:    Overwriting symbol font `operators' in version `bold'
(Font)                  OT1/cmr/bx/n --> OT1/cmr/bx/n on input line 222.
LaTeX Font Info:    Overwriting symbol font `symbols' in version `bold'
(Font)                  OMS/cmsy/b/n --> OMS/cmr/bx/n on input line 224.
LaTeX Font Info:    Overwriting symbol font `largesymbols' in version `bold'
(Font)                  OMX/cmex/m/n --> OMX/cmr/bx/n on input line 225.
LaTeX Font Info:    Overwriting math alphabet `\mathbf' in version `bold'
(Font)                  OT1/cmr/bx/n --> OT1/cmr/bx/n on input line 226.
LaTeX Font Info:    Overwriting math alphabet `\mathsf' in version `bold'
(Font)                  OT1/cmss/bx/n --> OT1/cmss/bx/n on input line 227.
LaTeX Font Info:    Overwriting math alphabet `\mathrm' in version `bold'
(Font)                  OT1/cmr/bx/n --> OT1/cmr/bx/n on input line 228.
LaTeX Font Info:    Overwriting math alphabet `\mathtt' in version `bold'
(Font)                  OT1/cmtt/m/n --> OT1/Courier/bx/n on input line 229.
LaTeX Font Info:    Overwriting math alphabet `\mathbb' in version `normal'
(Font)                  OT1/ams/bx/n --> OT1/ams/bx/n on input line 246.
LaTeX Font Info:    Overwriting math alphabet `\mathbb' in version `bold'
(Font)                  OT1/ams/bx/n --> OT1/ams/bx/n on input line 247.
\c@mv@upright=\count79
\c@mv@boldupright=\count80
LaTeX Font Info:    Overwriting symbol font `letters' in version `upright'
(Font)                  OML/cmm/m/it --> OML/eur/m/n on input line 282.
LaTeX Font Info:    Overwriting symbol font `letters' in version `boldupright'
(Font)                  OML/cmm/m/it --> OML/eur/b/n on input line 283.
\c@part=\count81
\c@chapter=\count82
\c@section=\count83
\c@subsection=\count84
\c@subsubsection=\count85
\c@paragraph=\count86
\c@subparagraph=\count87
\LabelSep=\dimen113
\TopSep=\skip41
\enumbox=\box27
\enumwd=\dimen114
\unnummargin=\dimen115
\abovecaptionskip=\skip42
\belowcaptionskip=\skip43
\c@figure=\count88
(/usr/local/share/texmf/tex/generic/epsf/epsf.tex
This is `epsf.tex' v2.7k <10 July 1997>
\epsffilein=\read1
\epsfframemargin=\dimen116
\epsfframethickness=\dimen117
\epsfrsize=\dimen118
\epsftmp=\dimen119
\epsftsize=\dimen120
\epsfxsize=\dimen121
\epsfysize=\dimen122
\pspoints=\dimen123
\epsfnoopenhelp=\toks14
)
\figheight=\dimen124
\figwidth=\dimen125
\c@table=\count89
\c@newtable=\count90
\tabledim=\dimen126
\bibindent=\dimen127
\bibleftmargin=\dimen128
\bibitemsep=\dimen129
\bibparsep=\dimen130
\bibtext=\dimen131
\biblabelsep=\dimen132
\bibleftmargini=\dimen133
 (/usr/local/share/texmf/tex/latex/natbib/natbib.sty
Package: natbib 2003/06/06 7.1 (PWD)
\bibhang=\skip44
\bibsep=\skip45
LaTeX Info: Redefining \cite on input line 518.
\c@NAT@ctr=\count91
)
\SFB@measure=\dimen134
\minute=\count92
\hour=\count93
\drafttextwidth=\dimen135
\trimrule=\dimen136
\varypageheight=\dimen137
\c@theorem=\count94
\c@remark=\count95
\c@algorithm=\count96
\c@example=\count97
\c@theorem=\count98
\c@lemma=\count99
\c@proposition=\count100
\c@corollary=\count101
\c@definition=\count102
\c@notation=\count103
 (./amsfonts.sty
Package: amsfonts 2001/10/25 v2.2f
\@emptytoks=\toks15
\symAMSa=\mathgroup4
\symAMSb=\mathgroup5
LaTeX Font Info:    Overwriting math alphabet `\mathfrak' in version `bold'
(Font)                  U/euf/m/n --> U/euf/b/n on input line 132.
LaTeX Font Info:    Redeclaring math alphabet \mathbb on input line 133.
)
(./amssymb.sty
Package: amssymb 2002/01/22 v2.2d
) (./amsbsy.sty
Package: amsbsy 1999/11/29 v1.2d

(/usr/local/share/texmf/tex/latex/amsmath/amsgen.sty
File: amsgen.sty 1999/11/30 v2.0
\@emptytoks=\toks16
\ex@=\dimen138
)
\pmbraise@=\dimen139
)
(/usr/local/share/texmf/tex/latex/rotating/rotating.sty
Package: rotating 1997/09/26 v2.13 Rotation package

(/usr/local/share/texmf/tex/latex/graphics/graphicx.sty
Package: graphicx 1999/02/16 v1.0f Enhanced LaTeX Graphics (DPC,SPQR)

(/usr/local/share/texmf/tex/latex/graphics/keyval.sty
Package: keyval 1999/03/16 v1.13 key=value parser (DPC)
\KV@toks@=\toks17
)
(/usr/local/share/texmf/tex/latex/graphics/graphics.sty
Package: graphics 2001/07/07 v1.0n Standard LaTeX Graphics (DPC,SPQR)

(/usr/local/share/texmf/tex/latex/graphics/trig.sty
Package: trig 1999/03/16 v1.09 sin cos tan (DPC)
)
(/usr/local/share/texmf/tex/latex/graphics/graphics.cfg
File: graphics.cfg 2005/02/03 v1.3 graphics configuration of teTeX/TeXLive
)
Package graphics Info: Driver file: pdftex.def on input line 80.

(/usr/local/share/texmf/tex/latex/graphics/pdftex.def
File: pdftex.def 2002/06/19 v0.03k graphics/color for pdftex
\Gread@gobject=\count104
))
\Gin@req@height=\dimen140
\Gin@req@width=\dimen141
)
(/usr/local/share/texmf/tex/latex/base/ifthen.sty
Package: ifthen 2001/05/26 v1.1c Standard LaTeX ifthen package (DPC)
)
\c@r@tfl@t=\count105
\rot@float@box=\box28
)
(/usr/local/share/texmf/tex/latex/jknappen/mathbbol.sty
Package: mathbbol 1995/01/01
\symbbold=\mathgroup6
LaTeX Font Info:    Redeclaring math alphabet \mathbb on input line 14.
) (./subeqn.sty
\@stequation=\toks18
))
(/usr/local/share/texmf/tex/latex/url/url.sty
\Urlmuskip=\muskip10
Package: url 2004/03/15  ver 3.1  Verb mode for urls, etc.
)
(/usr/local/share/texmf/tex/latex/subfigure/subfigure.sty
Package: subfigure 2002/07/30 v2.1.4 subfigure package
\subfigtopskip=\skip46
\subfigcapskip=\skip47
\subfigcaptopadj=\dimen142
\subfigbottomskip=\skip48
\subfigcapmargin=\dimen143
\subfiglabelskip=\skip49
\c@subfigure=\count106
\c@lofdepth=\count107
\c@subtable=\count108
\c@lotdepth=\count109

****************************************
* Local config file subfigure.cfg used *
****************************************
(/usr/local/share/texmf/tex/latex/subfigure/subfigure.cfg)
\subfig@top=\skip50
\subfig@bottom=\skip51
) (./tGISguide.aux)
\openout1 = `tGISguide.aux'.

LaTeX Font Info:    Checking defaults for OML/cmm/m/it on input line 11.
LaTeX Font Info:    ... okay on input line 11.
LaTeX Font Info:    Checking defaults for T1/cmr/m/n on input line 11.
LaTeX Font Info:    ... okay on input line 11.
LaTeX Font Info:    Checking defaults for OT1/cmr/m/n on input line 11.
LaTeX Font Info:    ... okay on input line 11.
LaTeX Font Info:    Checking defaults for OMS/cmsy/m/n on input line 11.
LaTeX Font Info:    ... okay on input line 11.
LaTeX Font Info:    Checking defaults for OMX/cmex/m/n on input line 11.
LaTeX Font Info:    ... okay on input line 11.
LaTeX Font Info:    Checking defaults for U/cmr/m/n on input line 11.
LaTeX Font Info:    ... okay on input line 11.

(/usr/local/share/texmf/tex/context/base/supp-pdf.tex
(/usr/local/share/texmf/tex/context/base/supp-mis.tex
loading : Context Support Macros / Miscellaneous (2004.10.26)
\protectiondepth=\count110
\scratchcounter=\count111
\scratchtoks=\toks19
\scratchdimen=\dimen144
\scratchskip=\skip52
\scratchmuskip=\muskip11
\scratchbox=\box29
\scratchread=\read2
\scratchwrite=\write3
\zeropoint=\dimen145
\onepoint=\dimen146
\onebasepoint=\dimen147
\minusone=\count112
\thousandpoint=\dimen148
\onerealpoint=\dimen149
\emptytoks=\toks20
\nextbox=\box30
\nextdepth=\dimen150
\everyline=\toks21
\!!counta=\count113
\!!countb=\count114
\recursecounter=\count115
)
loading : Context Support Macros / PDF (2004.03.26)
\nofMPsegments=\count116
\nofMParguments=\count117
\MPscratchCnt=\count118
\MPscratchDim=\dimen151
\MPnumerator=\count119
\everyMPtoPDFconversion=\toks22
)

LaTeX Font Warning: Font shape `OT1/cmr/m/n' in size <13> not available
(Font)              size <12> substituted on input line 33.


LaTeX Font Warning: Font shape `OT1/cmr/bx/n' in size <13> not available
(Font)              size <12> substituted on input line 33.

LaTeX Font Info:    Try loading font information for OML+cmr on input line 33.
(/usr/local/share/texmf/tex/latex/base/omlcmr.fd
File: omlcmr.fd 1999/05/25 v2.5h Standard LaTeX font definitions
)
LaTeX Font Info:    Font shape `OML/cmr/m/it' in size <10> not available
(Font)              Font shape `OML/cmm/m/it' tried instead on input line 33.
LaTeX Font Info:    Font shape `OML/cmr/m/it' in size <7> not available
(Font)              Font shape `OML/cmm/m/it' tried instead on input line 33.
LaTeX Font Info:    Font shape `OML/cmr/m/it' in size <5> not available
(Font)              Font shape `OML/cmm/m/it' tried instead on input line 33.
LaTeX Font Info:    Try loading font information for OMS+cmr on input line 33.

(/usr/local/share/texmf/tex/latex/base/omscmr.fd
File: omscmr.fd 1999/05/25 v2.5h Standard LaTeX font definitions
)
LaTeX Font Info:    Font shape `OMS/cmr/m/n' in size <10> not available
(Font)              Font shape `OMS/cmsy/m/n' tried instead on input line 33.
LaTeX Font Info:    Font shape `OMS/cmr/m/n' in size <7> not available
(Font)              Font shape `OMS/cmsy/m/n' tried instead on input line 33.
LaTeX Font Info:    Font shape `OMS/cmr/m/n' in size <5> not available
(Font)              Font shape `OMS/cmsy/m/n' tried instead on input line 33.
LaTeX Font Info:    Try loading font information for OMX+cmr on input line 33.
LaTeX Font Info:    No file OMXcmr.fd. on input line 33.


LaTeX Font Warning: Font shape `OMX/cmr/m/n' undefined
(Font)              using `OMX/cmex/m/n' instead on input line 33.

LaTeX Font Info:    Try loading font information for U+msa on input line 33.
(/usr/local/share/texmf/tex/latex/amsfonts/umsa.fd
File: umsa.fd 2002/01/19 v2.2g AMS font definitions
)
LaTeX Font Info:    Try loading font information for U+msb on input line 33.

(/usr/local/share/texmf/tex/latex/amsfonts/umsb.fd
File: umsb.fd 2002/01/19 v2.2g AMS font definitions
)
LaTeX Font Info:    Try loading font information for U+bbold on input line 33.

(/usr/local/share/texmf/tex/latex/jknappen/ubbold.fd
File: ubbold.fd 1996/01/01 Blackboard Bold Font Definition File (jk)
)
LaTeX Font Info:    Font shape `OML/cmr/m/it' in size <8> not available
(Font)              Font shape `OML/cmm/m/it' tried instead on input line 33.
LaTeX Font Info:    Font shape `OML/cmr/m/it' in size <6> not available
(Font)              Font shape `OML/cmm/m/it' tried instead on input line 33.
LaTeX Font Info:    Font shape `OMS/cmr/m/n' in size <8> not available
(Font)              Font shape `OMS/cmsy/m/n' tried instead on input line 33.
LaTeX Font Info:    Font shape `OMS/cmr/m/n' in size <6> not available
(Font)              Font shape `OMS/cmsy/m/n' tried instead on input line 33.
LaTeX Font Info:    Calculating math sizes for size <11> on input line 43.


LaTeX Font Warning: Font shape `OT1/cmr/m/n' in size <5.5> not available
(Font)              size <5> substituted on input line 43.

LaTeX Font Info:    Font shape `OML/cmr/m/it' in size <11> not available
(Font)              Font shape `OML/cmm/m/it' tried instead on input line 43.
LaTeX Font Info:    Font shape `OML/cmr/m/it' in size <7.69997> not available
(Font)              Font shape `OML/cmm/m/it' tried instead on input line 43.
LaTeX Font Info:    Font shape `OML/cmr/m/it' in size <5.5> not available
(Font)              Font shape `OML/cmm/m/it' tried instead on input line 43.

LaTeX Font Warning: Font shape `OML/cmm/m/it' in size <5.5> not available
(Font)              size <5> substituted on input line 43.

LaTeX Font Info:    Font shape `OMS/cmr/m/n' in size <11> not available
(Font)              Font shape `OMS/cmsy/m/n' tried instead on input line 43.
LaTeX Font Info:    Font shape `OMS/cmr/m/n' in size <7.69997> not available
(Font)              Font shape `OMS/cmsy/m/n' tried instead on input line 43.
LaTeX Font Info:    Font shape `OMS/cmr/m/n' in size <5.5> not available
(Font)              Font shape `OMS/cmsy/m/n' tried instead on input line 43.

LaTeX Font Warning: Font shape `OMS/cmsy/m/n' in size <5.5> not available
(Font)              size <5> substituted on input line 43.


LaTeX Font Warning: Font shape `U/msa/m/n' in size <5.5> not available
(Font)              size <5> substituted on input line 43.


LaTeX Font Warning: Font shape `U/msb/m/n' in size <5.5> not available
(Font)              size <5> substituted on input line 43.


LaTeX Font Warning: Font shape `U/bbold/m/n' in size <5.5> not available
(Font)              size <5> substituted on input line 43.


Underfull \hbox (badness 10000) in paragraph at lines 45--46

 []

<pics/intervene2.png, id=1, 671.68588pt x 650.43pt>
File: pics/intervene2.png Graphic file (type png)
 <use pics/intervene2.png>
Underfull \hbox (badness 10000) in paragraph at lines 54--57

 []

<pics/linuxScreen.png, id=2, 571.02222pt x 431.46269pt>
File: pics/linuxScreen.png Graphic file (type png)

<use pics/linuxScreen.png>
Overfull \hbox (10.86127pt too wide) in paragraph at lines 61--61
[]\OT1/cmr/m/n/8 (a) 
 []

<pics/winScreen.png, id=3, 642.4pt x 401.5pt>
File: pics/winScreen.png Graphic file (type png)
 <use pics/winScreen.png>
Overfull \hbox (11.3335pt too wide) in paragraph at lines 63--63
[]\OT1/cmr/m/n/8 (b) 
 []


Underfull \hbox (badness 10000) in paragraph at lines 67--68

 []

<pics/load_population.png, id=4, 642.4pt x 401.5pt>
File: pics/load_population.png Graphic file (type png)

<use pics/load_population.png>
Underfull \vbox (badness 10000) has occurred while \output is active []


Underfull \vbox (badness 10000) has occurred while \output is active []


Underfull \vbox (badness 10000) has occurred while \output is active []


Overfull \vbox (36.0pt too high) has occurred while \output is active []


Overfull \vbox (36.0pt too high) has occurred while \output is active []


Overfull \vbox (650.43pt too high) has occurred while \output is active []


Overfull \vbox (29.0pt too high) has occurred while \output is active []


Overfull \vbox (711.0pt too high) has occurred while \output is active []

 [1{/usr/local/share/texmf-var/fonts/map/pdftex/updmap/pdftex.map}


]
Underfull \hbox (badness 10000) in paragraph at lines 77--81

 []


Underfull \vbox (badness 10000) has occurred while \output is active []


Underfull \vbox (badness 10000) has occurred while \output is active []


Underfull \vbox (badness 10000) has occurred while \output is active []


Overfull \vbox (36.0pt too high) has occurred while \output is active []


Overfull \vbox (36.0pt too high) has occurred while \output is active []


Overfull \vbox (650.43pt too high) has occurred while \output is active []


Overfull \vbox (29.0pt too high) has occurred while \output is active []


Overfull \vbox (711.0pt too high) has occurred while \output is active []

 [2 <./pics/intervene2.png> <./pics/linuxScreen.png> <./pics/winScreen.png>]
(./tGISguide.bbl)
Underfull \vbox (badness 10000) has occurred while \output is active []


Underfull \vbox (badness 10000) has occurred while \output is active []


Underfull \vbox (badness 10000) has occurred while \output is active []


Overfull \vbox (36.0pt too high) has occurred while \output is active []


Overfull \vbox (36.0pt too high) has occurred while \output is active []


Overfull \vbox (650.43pt too high) has occurred while \output is active []


Overfull \vbox (29.0pt too high) has occurred while \output is active []


Overfull \vbox (711.0pt too high) has occurred while \output is active []

 [3 <./pics/load_population.png>] (./tGISguide.aux)

LaTeX Font Warning: Size substitutions with differences
(Font)              up to 1.0pt have occured.


LaTeX Font Warning: Some font shapes were not available, defaults substituted.

 ) 
Here is how much of TeX's memory you used:
 2405 strings out of 94499
 28374 string characters out of 1176703
 78108 words of memory out of 1000000
 5533 multiletter control sequences out of 10000+50000
 13994 words of font info for 56 fonts, out of 500000 for 2000
 580 hyphenation exceptions out of 1000
 39i,11n,34p,1010b,353s stack positions out of 1500i,500n,5000p,200000b,5000s
PDF statistics:
 50 PDF objects out of 300000
 0 named destinations out of 131072
 21 words of extra memory for PDF output out of 65536
</usr/local/share/texmf/fonts/type1/bluesky/cm/cmtt10.pfb></usr/local/share/t
exmf/fonts/type1/bluesky/cm/cmcsc10.pfb></usr/local/share/texmf/fonts/type1/blu
esky/cm/cmr6.pfb></usr/local/share/texmf/fonts/type1/bluesky/cm/cmsy6.pfb></usr
/local/share/texmf/fonts/type1/bluesky/cm/cmbx10.pfb></usr/local/share/texmf/fo
nts/type1/bluesky/cm/cmti8.pfb></usr/local/share/texmf/fonts/type1/bluesky/cm/c
mr8.pfb></usr/local/share/texmf/fonts/type1/bluesky/cm/cmmi10.pfb></usr/local/s
hare/texmf/fonts/type1/bluesky/cm/cmsy10.pfb></usr/local/share/texmf/fonts/type
1/bluesky/cm/cmbx12.pfb></usr/local/share/texmf/fonts/type1/bluesky/cm/cmr10.pf
b></usr/local/share/texmf/fonts/type1/bluesky/cm/cmti10.pfb>
Output written on tGISguide.pdf (3 pages, 483053 bytes).
